<?xml version="1.0" encoding="UTF-8"?>
<!-- Generated by org.testng.reporters.JUnitReportReporter -->
<testsuite hostname="DESKTOP-QNCMUP9" failures="0" tests="3" name="testng_pract.Testng_1" time="0.030" errors="0" timestamp="2023-08-15T14:03:54 IST" skipped="0">
  <testcase classname="testng_pract.Testng_1" name="test" time="0.018"/>
  <testcase classname="testng_pract.Testng_1" name="apple" time="0.003"/>
  <testcase classname="testng_pract.Testng_1" name="orange" time="0.009"/>
</testsuite> <!-- testng_pract.Testng_1 -->
