<?xml version="1.0" encoding="UTF-8"?>
<!-- Generated by org.testng.reporters.JUnitReportReporter -->
<testsuite hostname="DESKTOP-QNCMUP9" failures="0" tests="2" name="testng_pract.Testng_2" time="0.017" errors="0" timestamp="2023-08-15T16:53:33 IST" skipped="0">
  <testcase classname="testng_pract.Testng_2" name="test" time="0.003"/>
  <testcase classname="testng_pract.Testng_2" name="blue" time="0.014"/>
</testsuite> <!-- testng_pract.Testng_2 -->
