<?xml version="1.0" encoding="UTF-8"?>
<!-- Generated by org.testng.reporters.JUnitReportReporter -->
<testsuite hostname="DESKTOP-QNCMUP9" failures="0" tests="1" name="tcid" time="0.015" errors="0" timestamp="2023-10-13T18:53:36 IST" skipped="0">
  <testcase classname="tcid" name="test" time="0.015"/>
</testsuite> <!-- tcid -->
