<?xml version="1.0" encoding="UTF-8"?>
<!-- Generated by org.testng.reporters.JUnitReportReporter -->
<testsuite hostname="DESKTOP-QNCMUP9" failures="0" tests="1" name="Collection.Alerts" time="26.691" errors="0" timestamp="2023-08-20T17:32:21 IST" skipped="0">
  <testcase classname="Collection.Alerts" name="test" time="26.691"/>
</testsuite> <!-- Collection.Alerts -->
