<?xml version="1.0" encoding="UTF-8"?>
<!-- Generated by org.testng.reporters.JUnitReportReporter -->
<testsuite hostname="DESKTOP-QNCMUP9" failures="0" tests="1" name="calendar" time="55.255" errors="0" timestamp="2023-09-11T20:25:49 IST" skipped="0">
  <testcase classname="calendar" name="test" time="55.255"/>
</testsuite> <!-- calendar -->
